<?xml version="1.0" encoding="UTF-8"?>
<!-- Generated by org.testng.reporters.JUnitXMLReporter -->
<testsuite ignored="0" hostname="DESKTOP-A2R1E8A" failures="0" tests="1" name="Costofrawmaterialsandconsumables9FA775_DefaultProfile" time="120.837" errors="0" timestamp="2021-08-12T01:32:03 IST">
  <testcase classname="tests.Costofrawmaterialsandconsumables9FA775_DefaultProfile" name="GoToUrlAssertUrl" time="118.654"/>
</testsuite> <!-- Costofrawmaterialsandconsumables9FA775_DefaultProfile -->
