<?xml version="1.0" encoding="UTF-8"?>
<!-- Generated by org.testng.reporters.JUnitXMLReporter -->
<testsuite ignored="0" hostname="DESKTOP-A2R1E8A" failures="0" tests="1" name="DepreciationandotheramountswrittenoffassetsFA775_DefaultProfile" time="104.993" errors="0" timestamp="2021-08-12T01:58:00 IST">
  <testcase classname="tests.DepreciationandotheramountswrittenoffassetsFA775_DefaultProfile" name="GoToUrlAssertUrl" time="102.86"/>
</testsuite> <!-- DepreciationandotheramountswrittenoffassetsFA775_DefaultProfile -->
