<?xml version="1.0" encoding="UTF-8"?>
<!-- Generated by org.testng.reporters.JUnitXMLReporter -->
<testsuite ignored="0" hostname="DESKTOP-A2R1E8A" failures="0" tests="1" name="Depreciationandotheramountswrittenoffassets7FA775_DefaultProfile" time="110.536" errors="0" timestamp="2021-08-12T02:12:21 IST">
  <testcase classname="tests.Depreciationandotheramountswrittenoffassets7FA775_DefaultProfile" name="GoToUrlAssertUrl" time="108.275"/>
</testsuite> <!-- Depreciationandotheramountswrittenoffassets7FA775_DefaultProfile -->
