<?xml version="1.0" encoding="UTF-8"?>
<!-- Generated by org.testng.reporters.JUnitXMLReporter -->
<testsuite ignored="0" hostname="DESKTOP-A2R1E8A" failures="0" tests="1" name="Depreciationandotheramountswrittenoffassets4FA775_DefaultProfile" time="125.181" errors="0" timestamp="2021-08-12T02:06:19 IST">
  <testcase classname="tests.Depreciationandotheramountswrittenoffassets4FA775_DefaultProfile" name="GoToUrlAssertUrl" time="122.03"/>
</testsuite> <!-- Depreciationandotheramountswrittenoffassets4FA775_DefaultProfile -->
