<?xml version="1.0" encoding="UTF-8"?>
<!-- Generated by org.testng.reporters.JUnitXMLReporter -->
<testsuite ignored="0" hostname="DESKTOP-A2R1E8A" failures="0" tests="1" name="DetailedIncomeStatementOthercharges_DefaultProfile" time="106.217" errors="0" timestamp="2021-08-12T05:05:04 IST">
  <testcase classname="tests.DetailedIncomeStatementOthercharges_DefaultProfile" name="GoToUrlAssertUrlClickDetailedIncomeStatementClickAccountancyBookkeepingandAuditingFees" time="103.185"/>
</testsuite> <!-- DetailedIncomeStatementOthercharges_DefaultProfile -->
