<?xml version="1.0" encoding="UTF-8"?>
<!-- Generated by org.testng.reporters.JUnitXMLReporter -->
<testsuite ignored="0" hostname="DESKTOP-A2R1E8A" failures="0" tests="1" name="DetailedIncomeStatementSellinganddistributionexpenses5_DefaultProfile" time="126.0" errors="0" timestamp="2021-08-12T04:57:07 IST">
  <testcase classname="tests.DetailedIncomeStatementSellinganddistributionexpenses5_DefaultProfile" name="GoToUrlAssertUrlClickDetailedIncomeStatementClickRentalIncome" time="118.936"/>
</testsuite> <!-- DetailedIncomeStatementSellinganddistributionexpenses5_DefaultProfile -->
