<?xml version="1.0" encoding="UTF-8"?>
<!-- Generated by org.testng.reporters.JUnitXMLReporter -->
<testsuite ignored="0" hostname="DESKTOP-A2R1E8A" failures="0" tests="1" name="DetailedIncomeStatementSellinganddistributionexpenses4_DefaultProfile" time="123.026" errors="0" timestamp="2021-08-12T04:55:01 IST">
  <testcase classname="tests.DetailedIncomeStatementSellinganddistributionexpenses4_DefaultProfile" name="GoToUrlAssertUrlClickDetailedIncomeStatementClickRentalIncome" time="114.177"/>
</testsuite> <!-- DetailedIncomeStatementSellinganddistributionexpenses4_DefaultProfile -->
