<?xml version="1.0" encoding="UTF-8"?>
<!-- Generated by org.testng.reporters.JUnitXMLReporter -->
<testsuite ignored="0" hostname="DESKTOP-A2R1E8A" failures="0" tests="1" name="DetailedIncomeStatementRentalIncome_DefaultProfile" time="109.361" errors="0" timestamp="2021-08-12T04:43:01 IST">
  <testcase classname="tests.DetailedIncomeStatementRentalIncome_DefaultProfile" name="GoToUrlAssertUrlClickDetailedIncomeStatementClickRentalIncome" time="106.141"/>
</testsuite> <!-- DetailedIncomeStatementRentalIncome_DefaultProfile -->
