<?xml version="1.0" encoding="UTF-8"?>
<!-- Generated by org.testng.reporters.JUnitXMLReporter -->
<testsuite ignored="0" hostname="DESKTOP-A2R1E8A" failures="0" tests="1" name="DetailedIncomeStatementOthercharges23_DefaultProfile" time="109.091" errors="0" timestamp="2021-08-12T05:46:13 IST">
  <testcase classname="tests.DetailedIncomeStatementOthercharges23_DefaultProfile" name="GoToUrlAssertUrlClickDetailedIncomeStatementClickBadDebts" time="106.676"/>
</testsuite> <!-- DetailedIncomeStatementOthercharges23_DefaultProfile -->
