<?xml version="1.0" encoding="UTF-8"?>
<!-- Generated by org.testng.reporters.JUnitXMLReporter -->
<testsuite ignored="0" hostname="DESKTOP-A2R1E8A" failures="0" tests="1" name="DetailedIncomeStatementSundryIncome_DefaultProfile" time="122.522" errors="0" timestamp="2021-08-12T04:47:00 IST">
  <testcase classname="tests.DetailedIncomeStatementSundryIncome_DefaultProfile" name="GoToUrlAssertUrlClickDetailedIncomeStatementClickRentalIncome" time="115.783"/>
</testsuite> <!-- DetailedIncomeStatementSundryIncome_DefaultProfile -->
