<?xml version="1.0" encoding="UTF-8"?>
<!-- Generated by org.testng.reporters.JUnitXMLReporter -->
<testsuite ignored="0" hostname="DESKTOP-A2R1E8A" failures="0" tests="8" name="FA775Newclient_DefaultProfile" time="654.673" errors="0" timestamp="2021-08-12T00:41:29 IST">
  <testcase classname="tests.FA775Newclient_DefaultProfile" name="GoToUrlAssertUrlPositiveEnterUsernamePositiveEnterPasswordClickLoginButtonPositiveEnterAgentNa" time="77.643"/>
  <testcase classname="tests.FA775Newclient_DefaultProfile" name="GoToUrlAssertUrlPositiveEnterUsernamePositiveEnterPasswordClickLoginButtonPositiveEnterAgentNa1" time="89.282"/>
  <testcase classname="tests.FA775Newclient_DefaultProfile" name="GoToUrlAssertUrlPositiveEnterUsernamePositiveEnterPasswordClickLoginButtonPositiveEnterAgentNa11" time="75.757"/>
  <testcase classname="tests.FA775Newclient_DefaultProfile" name="GoToUrlAssertUrlPositiveEnterUsernamePositiveEnterPasswordClickLoginButtonPositiveEnterAgentNa111" time="72.276"/>
  <testcase classname="tests.FA775Newclient_DefaultProfile" name="GoToUrlAssertUrlPositiveEnterUsernamePositiveEnterPasswordClickLoginButtonPositiveEnterAgentNa1111" time="72.387"/>
  <testcase classname="tests.FA775Newclient_DefaultProfile" name="GoToUrlAssertUrlPositiveEnterUsernamePositiveEnterPasswordClickLoginButtonPositiveEnterAgentNa11111" time="75.853"/>
  <testcase classname="tests.FA775Newclient_DefaultProfile" name="GoToUrlAssertUrlPositiveEnterUsernamePositiveEnterPasswordClickLoginButtonPositiveEnterAgentNa111111" time="88.85"/>
  <testcase classname="tests.FA775Newclient_DefaultProfile" name="GoToUrlAssertUrlPositiveEnterUsernamePositiveEnterPasswordClickLoginButtonPositiveEnterAgentNa1111111" time="75.151"/>
</testsuite> <!-- FA775Newclient_DefaultProfile -->
