<?xml version="1.0" encoding="UTF-8"?>
<!-- Generated by org.testng.reporters.JUnitXMLReporter -->
<testsuite ignored="0" hostname="DESKTOP-A2R1E8A" failures="1" tests="1" name="VerifyheaderappearanceoncompanyinformationpageFA69414_DefaultProfile" time="32.182" errors="0" timestamp="2021-08-11T11:08:10 IST">
  <testcase classname="tests.VerifyheaderappearanceoncompanyinformationpageFA69414_DefaultProfile" name="GoToUrlAssertUrlPositiveEnterUsernamePositiveEnterPasswordClickLoginButtonPositiveEnterAgentNa" time="27.879">
    <failure type="java.lang.AssertionError" message="Unable to locate object: By.xpath: //label[contains(.,&amp;apos;Name:&amp;apos;)]/../input">
      <![CDATA[java.lang.AssertionError: Unable to locate object: By.xpath: //label[contains(.,'Name:')]/../input
at pages.Verify_header_appearance_on_company_information_pageFA69414.Enter_AgentName(Verify_header_appearance_on_company_information_pageFA69414.java:176)
at tests.VerifyheaderappearanceoncompanyinformationpageFA69414_DefaultProfile.GoToUrlAssertUrlPositiveEnterUsernamePositiveEnterPasswordClickLoginButtonPositiveEnterAgentNa(VerifyheaderappearanceoncompanyinformationpageFA69414_DefaultProfile.java:58)
at java.base/java.util.ArrayList.forEach(ArrayList.java:1540)
... Removed 28 stack frames]]>
    </failure>
  </testcase> <!-- GoToUrlAssertUrlPositiveEnterUsernamePositiveEnterPasswordClickLoginButtonPositiveEnterAgentNa -->
</testsuite> <!-- VerifyheaderappearanceoncompanyinformationpageFA69414_DefaultProfile -->
