<?xml version="1.0" encoding="UTF-8"?>
<!-- Generated by org.testng.reporters.JUnitXMLReporter -->
<testsuite ignored="0" hostname="DESKTOP-A2R1E8A" failures="1" tests="1" name="VerifyheaderappearanceonContentpageFA6978_DefaultProfile" time="93.785" errors="0" timestamp="2021-08-11T12:19:54 IST">
  <testcase classname="tests.VerifyheaderappearanceonContentpageFA6978_DefaultProfile" name="GoToUrlAssertUrlPositiveEnterUsernamePositiveEnterPasswordClickLoginButtonPositiveEnterAgentNa" time="85.918">
    <failure type="java.lang.AssertionError" message="expected [For the year ended 4 April 2021] but found [For the year ended 4 April 2022]">
      <![CDATA[java.lang.AssertionError: expected [For the year ended 4 April 2021] but found [For the year ended 4 April 2022]
at pages.Verify_header_appearance_on_Content_pageFA6978.Click_Filleted_Accounts(Verify_header_appearance_on_Content_pageFA6978.java:517)
at tests.VerifyheaderappearanceonContentpageFA6978_DefaultProfile.GoToUrlAssertUrlPositiveEnterUsernamePositiveEnterPasswordClickLoginButtonPositiveEnterAgentNa(VerifyheaderappearanceonContentpageFA6978_DefaultProfile.java:98)
at java.base/java.util.ArrayList.forEach(ArrayList.java:1540)
... Removed 32 stack frames]]>
    </failure>
  </testcase> <!-- GoToUrlAssertUrlPositiveEnterUsernamePositiveEnterPasswordClickLoginButtonPositiveEnterAgentNa -->
</testsuite> <!-- VerifyheaderappearanceonContentpageFA6978_DefaultProfile -->
