<?xml version="1.0" encoding="UTF-8"?>
<!-- Generated by org.testng.reporters.JUnitXMLReporter -->
<testsuite ignored="0" hostname="DESKTOP-A2R1E8A" failures="1" tests="1" name="VerifydirectorswhoservedduringtheyearappearingoncompanyinformationpageFA69716_DefaultProfile" time="118.913" errors="0" timestamp="2021-08-11T12:32:47 IST">
  <testcase classname="tests.VerifydirectorswhoservedduringtheyearappearingoncompanyinformationpageFA69716_DefaultProfile" name="GoToUrlAssertUrlPositiveEnterUsernamePositiveEnterPasswordClickLoginButtonPositiveEnterAgentNa" time="116.232">
    <failure type="java.lang.AssertionError" message="Unable to locate object: By.xpath: //LI[@id=&amp;apos;ctl00_SideMenu1_liSettings&amp;apos;]/A">
      <![CDATA[java.lang.AssertionError: Unable to locate object: By.xpath: //LI[@id='ctl00_SideMenu1_liSettings']/A
at pages.Verify_directors_who_served_during_the_year_appearing_on_company_information_pageFA69716.Click_Settings2(Verify_directors_who_served_during_the_year_appearing_on_company_information_pageFA69716.java:930)
at tests.VerifydirectorswhoservedduringtheyearappearingoncompanyinformationpageFA69716_DefaultProfile.GoToUrlAssertUrlPositiveEnterUsernamePositiveEnterPasswordClickLoginButtonPositiveEnterAgentNa(VerifydirectorswhoservedduringtheyearappearingoncompanyinformationpageFA69716_DefaultProfile.java:145)
at java.base/java.util.ArrayList.forEach(ArrayList.java:1540)
... Removed 28 stack frames]]>
    </failure>
  </testcase> <!-- GoToUrlAssertUrlPositiveEnterUsernamePositiveEnterPasswordClickLoginButtonPositiveEnterAgentNa -->
</testsuite> <!-- VerifydirectorswhoservedduringtheyearappearingoncompanyinformationpageFA69716_DefaultProfile -->
