<?xml version="1.0" encoding="UTF-8"?>
<!-- Generated by org.testng.reporters.JUnitXMLReporter -->
<testsuite ignored="0" hostname="DESKTOP-A2R1E8A" failures="1" tests="1" name="VerifythereportisnotacharteredaccountantonechangecontenttoaccountantsFA69646_DefaultProfile" time="144.737" errors="0" timestamp="2021-08-11T11:29:44 IST">
  <testcase classname="tests.VerifythereportisnotacharteredaccountantonechangecontenttoaccountantsFA69646_DefaultProfile" name="GoToUrlAssertUrlPositiveEnterUsernamePositiveEnterPasswordClickLoginButtonPositiveEnterAgentNa" time="141.833">
    <failure type="java.lang.AssertionError" message="expected [Chartered accountant&amp;apos;s report to the board of directors on the preparation of the unaudited statutory accounts of ABC LTD for the year ended 04 April 2021.] but found [Chartered accountant&amp;apos;s report to the board of directors on the preparation of the unaudited statutory accounts of ABC LTD for the year ended 04 April 2022.]">
      <![CDATA[java.lang.AssertionError: expected [Chartered accountant's report to the board of directors on the preparation of the unaudited statutory accounts of ABC LTD for the year ended 04 April 2021.] but found [Chartered accountant's report to the board of directors on the preparation of the unaudited statutory accounts of ABC LTD for the year ended 04 April 2022.]
at pages.Verify_the_report_is_not_a_chartered_accountant_one_change_content_to_accountantsFA69646.Click_Full_Accounts(Verify_the_report_is_not_a_chartered_accountant_one_change_content_to_accountantsFA69646.java:801)
at tests.VerifythereportisnotacharteredaccountantonechangecontenttoaccountantsFA69646_DefaultProfile.GoToUrlAssertUrlPositiveEnterUsernamePositiveEnterPasswordClickLoginButtonPositiveEnterAgentNa(VerifythereportisnotacharteredaccountantonechangecontenttoaccountantsFA69646_DefaultProfile.java:129)
at java.base/java.util.ArrayList.forEach(ArrayList.java:1540)
... Removed 32 stack frames]]>
    </failure>
  </testcase> <!-- GoToUrlAssertUrlPositiveEnterUsernamePositiveEnterPasswordClickLoginButtonPositiveEnterAgentNa -->
</testsuite> <!-- VerifythereportisnotacharteredaccountantonechangecontenttoaccountantsFA69646_DefaultProfile -->
