<?xml version="1.0" encoding="UTF-8"?>
<!-- Generated by org.testng.reporters.JUnitXMLReporter -->
<testsuite ignored="0" hostname="DESKTOP-A2R1E8A" failures="0" tests="1" name="VerifydirectorsofthecompanyappearingondirectorsreportpageFA69627_DefaultProfile" time="193.566" errors="0" timestamp="2021-08-11T02:28:49 IST">
  <testcase classname="tests.VerifydirectorsofthecompanyappearingondirectorsreportpageFA69627_DefaultProfile" name="GoToUrlAssertUrlPositiveEnterUsernamePositiveEnterPasswordClickLoginButtonPositiveEnterAgentNa" time="191.118"/>
</testsuite> <!-- VerifydirectorsofthecompanyappearingondirectorsreportpageFA69627_DefaultProfile -->
