<?xml version="1.0" encoding="UTF-8"?>
<!-- Generated by org.testng.reporters.JUnitXMLReporter -->
<testsuite ignored="0" hostname="DESKTOP-A2R1E8A" failures="1" tests="1" name="VerifyheaderappearanceondirectorsreportpageFA69623_DefaultProfile" time="115.346" errors="0" timestamp="2021-08-11T11:18:55 IST">
  <testcase classname="tests.VerifyheaderappearanceondirectorsreportpageFA69623_DefaultProfile" name="GoToUrlAssertUrlPositiveEnterUsernamePositiveEnterPasswordClickLoginButtonPositiveEnterAgentNa" time="112.665">
    <failure type="java.lang.AssertionError" message="expected [For the year ended 4 April 2021] but found [For the year ended 4 April 2022]">
      <![CDATA[java.lang.AssertionError: expected [For the year ended 4 April 2021] but found [For the year ended 4 April 2022]
at pages.Verify_header_appearance_on_directors_report_pageFA69623.Click_Full_Accounts(Verify_header_appearance_on_directors_report_pageFA69623.java:522)
at tests.VerifyheaderappearanceondirectorsreportpageFA69623_DefaultProfile.GoToUrlAssertUrlPositiveEnterUsernamePositiveEnterPasswordClickLoginButtonPositiveEnterAgentNa(VerifyheaderappearanceondirectorsreportpageFA69623_DefaultProfile.java:96)
at java.base/java.util.ArrayList.forEach(ArrayList.java:1540)
... Removed 32 stack frames]]>
    </failure>
  </testcase> <!-- GoToUrlAssertUrlPositiveEnterUsernamePositiveEnterPasswordClickLoginButtonPositiveEnterAgentNa -->
</testsuite> <!-- VerifyheaderappearanceondirectorsreportpageFA69623_DefaultProfile -->
