<?xml version="1.0" encoding="UTF-8"?>
<!-- Generated by org.testng.reporters.JUnitXMLReporter -->
<testsuite ignored="0" hostname="DESKTOP-A2R1E8A" failures="0" tests="1" name="VerifyregistrationnumberappearingoncoverpageFA6941_DefaultProfile" time="162.311" errors="0" timestamp="2021-08-11T11:01:29 IST">
  <testcase classname="tests.VerifyregistrationnumberappearingoncoverpageFA6941_DefaultProfile" name="GoToUrlAssertUrlPositiveEnterUsernamePositiveEnterPasswordClickLoginButtonPositiveEnterAgentNa" time="155.636"/>
</testsuite> <!-- VerifyregistrationnumberappearingoncoverpageFA6941_DefaultProfile -->
