<?xml version="1.0" encoding="UTF-8"?>
<!-- Generated by org.testng.reporters.JUnitXMLReporter -->
<testsuite ignored="0" hostname="DESKTOP-A2R1E8A" failures="1" tests="1" name="VerifyregistrationnumberappearingonCompanyInformationpageFA69613_DefaultProfile" time="149.585" errors="0" timestamp="2021-08-11T02:07:26 IST">
  <testcase classname="tests.VerifyregistrationnumberappearingonCompanyInformationpageFA69613_DefaultProfile" name="GoToUrlAssertUrlPositiveEnterUsernamePositiveEnterPasswordClickLoginButtonPositiveEnterAgentNa" time="146.685">
    <failure type="java.lang.AssertionError" message="expected [Company registration number OC121212 (England and Wales)] but found [Company Registration Number : OC121212 (England and Wales)]">
      <![CDATA[java.lang.AssertionError: expected [Company registration number OC121212 (England and Wales)] but found [Company Registration Number : OC121212 (England and Wales)]
at pages.Verify_registration_number_appearing_on_Company_Information_pageFA69613.Click_Full_Accounts(Verify_registration_number_appearing_on_Company_Information_pageFA69613.java:1204)
at tests.VerifyregistrationnumberappearingonCompanyInformationpageFA69613_DefaultProfile.GoToUrlAssertUrlPositiveEnterUsernamePositiveEnterPasswordClickLoginButtonPositiveEnterAgentNa(VerifyregistrationnumberappearingonCompanyInformationpageFA69613_DefaultProfile.java:181)
at java.base/java.util.ArrayList.forEach(ArrayList.java:1540)
... Removed 32 stack frames]]>
    </failure>
  </testcase> <!-- GoToUrlAssertUrlPositiveEnterUsernamePositiveEnterPasswordClickLoginButtonPositiveEnterAgentNa -->
</testsuite> <!-- VerifyregistrationnumberappearingonCompanyInformationpageFA69613_DefaultProfile -->
