<?xml version="1.0" encoding="UTF-8"?>
<!-- Generated by org.testng.reporters.JUnitXMLReporter -->
<testsuite ignored="0" hostname="DESKTOP-A2R1E8A" failures="0" tests="1" name="Verifyregistrationnumberappearingoncoverpage1_DefaultProfile" time="87.434" errors="0" timestamp="2021-08-11T16:16:31 IST">
  <testcase classname="tests.Verifyregistrationnumberappearingoncoverpage1_DefaultProfile" name="GoToUrlAssertUrlPositiveEnterUsernamePositiveEnterPasswordClickLoginButtonPositiveEnterctl00cP" time="85.115"/>
</testsuite> <!-- Verifyregistrationnumberappearingoncoverpage1_DefaultProfile -->
