<?xml version="1.0" encoding="UTF-8"?>
<!-- Generated by org.testng.reporters.JUnitXMLReporter -->
<testsuite ignored="0" hostname="DESKTOP-A2R1E8A" failures="0" tests="1" name="VerifydynamicfooterpagenationonContentspage11_DefaultProfile" time="67.36" errors="0" timestamp="2021-08-11T16:21:45 IST">
  <testcase classname="tests.VerifydynamicfooterpagenationonContentspage11_DefaultProfile" name="GoToUrlAssertUrlPositiveEnterUsernamePositiveEnterPasswordClickLoginButtonPositiveEnterctl00cP" time="64.564"/>
</testsuite> <!-- VerifydynamicfooterpagenationonContentspage11_DefaultProfile -->
