<?xml version="1.0" encoding="UTF-8"?>
<!-- Generated by org.testng.reporters.JUnitXMLReporter -->
<testsuite ignored="0" hostname="DESKTOP-A2R1E8A" failures="1" tests="1" name="Verifymember_DefaultProfile" time="101.656" errors="0" timestamp="2021-02-17T16:37:03 IST">
  <testcase classname="tests.Verifymember_DefaultProfile" name="GoToUrlPositiveEnterUsernamePositiveEnterPasswordClickLoginButtonPositiveEnterctl00cPHFiltertxt" time="98.266">
    <failure type="java.lang.NullPointerException" message="null value in entry: id=null">
      <![CDATA[java.lang.NullPointerException: null value in entry: id=null
at com.google.common.collect.CollectPreconditions.checkEntryNotNull(CollectPreconditions.java:32)
at com.google.common.collect.SingletonImmutableBiMap.<init>(SingletonImmutableBiMap.java:42)
at com.google.common.collect.ImmutableBiMap.of(ImmutableBiMap.java:70)
at com.google.common.collect.ImmutableMap.of(ImmutableMap.java:123)
at org.openqa.selenium.remote.RemoteWebDriver$RemoteTargetLocator.frame(RemoteWebDriver.java:891)
at pages.Verifymember.Enter_ctl00cPHtxtAddress2(Verifymember.java:1162)
at tests.Verifymember_DefaultProfile.GoToUrlPositiveEnterUsernamePositiveEnterPasswordClickLoginButtonPositiveEnterctl00cPHFiltertxt(Verifymember_DefaultProfile.java:113)
at java.base/java.util.ArrayList.forEach(ArrayList.java:1540)
... Removed 27 stack frames]]>
    </failure>
  </testcase> <!-- GoToUrlPositiveEnterUsernamePositiveEnterPasswordClickLoginButtonPositiveEnterctl00cPHFiltertxt -->
</testsuite> <!-- Verifymember_DefaultProfile -->
