<?xml version="1.0" encoding="UTF-8"?>
<!-- Generated by org.testng.reporters.JUnitXMLReporter -->
<testsuite ignored="0" hostname="DESKTOP-A2R1E8A" failures="1" tests="1" name="VerifydynamicpagenumberingoncontentspageFA69610_DefaultProfile" time="145.308" errors="0" timestamp="2021-08-11T02:02:23 IST">
  <testcase classname="tests.VerifydynamicpagenumberingoncontentspageFA69610_DefaultProfile" name="GoToUrlAssertUrlPositiveEnterUsernamePositiveEnterPasswordClickLoginButtonPositiveEnterSearchA" time="142.562">
    <failure type="java.lang.AssertionError" message="expected [Accountant Report] but found [Income Statement]">
      <![CDATA[java.lang.AssertionError: expected [Accountant Report] but found [Income Statement]
at pages.Verify_dynamic_page_numbering_on_contents_pageFA69610.Click_Full_Accounts(Verify_dynamic_page_numbering_on_contents_pageFA69610.java:1092)
at tests.VerifydynamicpagenumberingoncontentspageFA69610_DefaultProfile.GoToUrlAssertUrlPositiveEnterUsernamePositiveEnterPasswordClickLoginButtonPositiveEnterSearchA(VerifydynamicpagenumberingoncontentspageFA69610_DefaultProfile.java:161)
at java.base/java.util.ArrayList.forEach(ArrayList.java:1540)
... Removed 32 stack frames]]>
    </failure>
  </testcase> <!-- GoToUrlAssertUrlPositiveEnterUsernamePositiveEnterPasswordClickLoginButtonPositiveEnterSearchA -->
</testsuite> <!-- VerifydynamicpagenumberingoncontentspageFA69610_DefaultProfile -->
