<?xml version="1.0" encoding="UTF-8"?>
<!-- Generated by org.testng.reporters.JUnitXMLReporter -->
<testsuite ignored="0" hostname="DESKTOP-A2R1E8A" failures="1" tests="1" name="VerifyreporttitlenameoncoverpageFA6973_DefaultProfile" time="116.284" errors="0" timestamp="2021-08-11T12:18:20 IST">
  <testcase classname="tests.VerifyreporttitlenameoncoverpageFA6973_DefaultProfile" name="GoToUrlAssertUrlPositiveEnterUsernamePositiveEnterPasswordPositiveEnterAgentNameClickSearchbut" time="112.934">
    <failure type="java.lang.AssertionError" message="expected [ABC LTD
&amp;apos;Unaudited filleted financial statements] but found [ABC LTD
Unaudited filleted financial statements]">
      <![CDATA[java.lang.AssertionError: expected [ABC LTD
'Unaudited filleted financial statements] but found [ABC LTD
Unaudited filleted financial statements]
at pages.Verify_report_titlename_on_cover_pageFA6973.Click_Filleted_Accounts(Verify_report_titlename_on_cover_pageFA6973.java:1012)
at tests.VerifyreporttitlenameoncoverpageFA6973_DefaultProfile.GoToUrlAssertUrlPositiveEnterUsernamePositiveEnterPasswordPositiveEnterAgentNameClickSearchbut(VerifyreporttitlenameoncoverpageFA6973_DefaultProfile.java:169)
at java.base/java.util.ArrayList.forEach(ArrayList.java:1540)
... Removed 32 stack frames]]>
    </failure>
  </testcase> <!-- GoToUrlAssertUrlPositiveEnterUsernamePositiveEnterPasswordPositiveEnterAgentNameClickSearchbut -->
</testsuite> <!-- VerifyreporttitlenameoncoverpageFA6973_DefaultProfile -->
