<?xml version="1.0" encoding="UTF-8"?>
<!-- Generated by org.testng.reporters.JUnitXMLReporter -->
<testsuite ignored="0" hostname="DESKTOP-A2R1E8A" failures="0" tests="1" name="VerifydirectorsofthecompanyappearingondirectorreportpageFA69632_DefaultProfile" time="191.92" errors="0" timestamp="2021-08-11T02:45:22 IST">
  <testcase classname="tests.VerifydirectorsofthecompanyappearingondirectorreportpageFA69632_DefaultProfile" name="GoToUrlAssertUrlPositiveEnterUsernamePositiveEnterPasswordClickLoginButtonPositiveEnterAgentNa" time="186.701"/>
</testsuite> <!-- VerifydirectorsofthecompanyappearingondirectorreportpageFA69632_DefaultProfile -->
