<?xml version="1.0" encoding="UTF-8"?>
<!-- Generated by org.testng.reporters.JUnitXMLReporter -->
<testsuite ignored="0" hostname="DESKTOP-A2R1E8A" failures="0" tests="1" name="Verifyreporttitlenameoncoverpage3_DefaultProfile" time="85.767" errors="0" timestamp="2021-08-11T16:19:29 IST">
  <testcase classname="tests.Verifyreporttitlenameoncoverpage3_DefaultProfile" name="GoToUrlAssertUrlPositiveEnterUsernamePositiveEnterPasswordClickLoginButtonPositiveEnterctl00cP" time="83.022"/>
</testsuite> <!-- Verifyreporttitlenameoncoverpage3_DefaultProfile -->
