<?xml version="1.0" encoding="UTF-8"?>
<!-- Generated by org.testng.reporters.JUnitXMLReporter -->
<testsuite ignored="0" hostname="DESKTOP-A2R1E8A" failures="1" tests="1" name="VerifywhetherdynamicpagenumberingoncontentspagearechangingautomaticallyFA69411_DefaultProfile" time="15.756" errors="0" timestamp="2021-08-11T11:06:45 IST">
  <testcase classname="tests.VerifywhetherdynamicpagenumberingoncontentspagearechangingautomaticallyFA69411_DefaultProfile" name="GoToUrlAssertUrlPositiveEnterUsernamePositiveEnterPasswordClickLoginButtonPositiveEnterAgentNa" time="13.343">
    <failure type="java.lang.AssertionError" message="Unable to locate object: By.xpath: //label[contains(.,&amp;apos;Name:&amp;apos;)]/../input">
      <![CDATA[java.lang.AssertionError: Unable to locate object: By.xpath: //label[contains(.,'Name:')]/../input
at pages.Verify_whether_dynamic_page_numbering_on_contents_page_are_changing_automaticallyFA69411.Enter_AgentName(Verify_whether_dynamic_page_numbering_on_contents_page_are_changing_automaticallyFA69411.java:190)
at tests.VerifywhetherdynamicpagenumberingoncontentspagearechangingautomaticallyFA69411_DefaultProfile.GoToUrlAssertUrlPositiveEnterUsernamePositiveEnterPasswordClickLoginButtonPositiveEnterAgentNa(VerifywhetherdynamicpagenumberingoncontentspagearechangingautomaticallyFA69411_DefaultProfile.java:57)
at java.base/java.util.ArrayList.forEach(ArrayList.java:1540)
... Removed 28 stack frames]]>
    </failure>
  </testcase> <!-- GoToUrlAssertUrlPositiveEnterUsernamePositiveEnterPasswordClickLoginButtonPositiveEnterAgentNa -->
</testsuite> <!-- VerifywhetherdynamicpagenumberingoncontentspagearechangingautomaticallyFA69411_DefaultProfile -->
