<?xml version="1.0" encoding="UTF-8"?>
<!-- Generated by org.testng.reporters.JUnitXMLReporter -->
<testsuite ignored="0" hostname="DESKTOP-A2R1E8A" failures="1" tests="1" name="Verifyregitrationno" time="54.44" errors="0" timestamp="2021-02-01T11:32:58 IST">
  <testcase classname="tests.Verifyregitrationno" name="GoToUrlAssertUrlPositiveEnterUsernamePositiveEnterPasswordClickLoginButtonClickAgentsPositive" time="50.42">
    <failure type="java.lang.AssertionError" message="Unable to locate object: By.cssSelector: //*[@id=&amp;quot;ctl00_ctl00_ParentContent_cPH_rptrDisplayRecords_ctl00_rowCompany&amp;quot;]/td[1]">
      <![CDATA[java.lang.AssertionError: Unable to locate object: By.cssSelector: //*[@id="ctl00_ctl00_ParentContent_cPH_rptrDisplayRecords_ctl00_rowCompany"]/td[1]
at pages.Verifyregitrationno.Click_clientname(Verifyregitrationno.java:482)
at tests.Verifyregitrationno.GoToUrlAssertUrlPositiveEnterUsernamePositiveEnterPasswordClickLoginButtonClickAgentsPositive(Verifyregitrationno.java:85)
at java.base/java.util.ArrayList.forEach(ArrayList.java:1540)
... Removed 28 stack frames]]>
    </failure>
  </testcase> <!-- GoToUrlAssertUrlPositiveEnterUsernamePositiveEnterPasswordClickLoginButtonClickAgentsPositive -->
</testsuite> <!-- Verifyregitrationno -->
