<?xml version="1.0" encoding="UTF-8"?>
<!-- Generated by org.testng.reporters.JUnitXMLReporter -->
<testsuite ignored="0" hostname="DESKTOP-A2R1E8A" failures="0" tests="1" name="VerifynotenumbermentionedonIncomestatementhashyperlinkwhichredirectFA69657_DefaultProfile" time="137.854" errors="0" timestamp="2021-08-11T11:40:00 IST">
  <testcase classname="tests.VerifynotenumbermentionedonIncomestatementhashyperlinkwhichredirectFA69657_DefaultProfile" name="GoToUrlAssertUrlPositiveEnterUsernameEnterPaswordClickLoginButtonPositiveEnterAgentNameClickS" time="131.572"/>
</testsuite> <!-- VerifynotenumbermentionedonIncomestatementhashyperlinkwhichredirectFA69657_DefaultProfile -->
