<?xml version="1.0" encoding="UTF-8"?>
<!-- Generated by org.testng.reporters.JUnitXMLReporter -->
<testsuite ignored="0" hostname="DESKTOP-A2R1E8A" failures="0" tests="1" name="VerifyEditbuttonmustnotbeworkinginFormCT600AifperiodislockedFA71517_DefaultProfile" time="98.492" errors="0" timestamp="2021-05-20T19:01:29 IST">
  <testcase classname="tests.VerifyEditbuttonmustnotbeworkinginFormCT600AifperiodislockedFA71517_DefaultProfile" name="GoToUrlAssertUrlPositiveEnterUsernamePositiveEnterPasswordClickLoginButtonPositiveEnterAgentNa" time="92.859"/>
</testsuite> <!-- VerifyEditbuttonmustnotbeworkinginFormCT600AifperiodislockedFA71517_DefaultProfile -->
