<?xml version="1.0" encoding="UTF-8"?>
<!-- Generated by org.testng.reporters.JUnitXMLReporter -->
<testsuite ignored="0" hostname="DESKTOP-A2R1E8A" failures="0" tests="1" name="VerifynotenumbermentionedonIncomestatementhashyperlinkwhichredirectFA69655_DefaultProfile" time="121.218" errors="0" timestamp="2021-08-11T11:35:40 IST">
  <testcase classname="tests.VerifynotenumbermentionedonIncomestatementhashyperlinkwhichredirectFA69655_DefaultProfile" name="GoToUrlAssertUrlPositiveEnterUsernameEnterPaswordClickLoginButtonPositiveEnterAgentNameClickS" time="118.226"/>
</testsuite> <!-- VerifynotenumbermentionedonIncomestatementhashyperlinkwhichredirectFA69655_DefaultProfile -->
