<?xml version="1.0" encoding="UTF-8"?>
<!-- Generated by org.testng.reporters.JUnitXMLReporter -->
<testsuite ignored="0" hostname="DESKTOP-A2R1E8A" failures="0" tests="1" name="VerifyFormCT600AiseditableafterunlockingthereturnFA71518_DefaultProfile" time="74.082" errors="0" timestamp="2021-05-20T19:02:43 IST">
  <testcase classname="tests.VerifyFormCT600AiseditableafterunlockingthereturnFA71518_DefaultProfile" name="GoToUrlAssertUrlPositiveEnterUsernamePositiveEnterPasswordClickLoginButtonPositiveEnterAgentNa" time="67.941"/>
</testsuite> <!-- VerifyFormCT600AiseditableafterunlockingthereturnFA71518_DefaultProfile -->
