<?xml version="1.0" encoding="UTF-8"?>
<!-- Generated by org.testng.reporters.JUnitXMLReporter -->
<testsuite ignored="0" hostname="DESKTOP-A2R1E8A" failures="1" tests="1" name="VerifydynamicfooterpagenationonCompanyInformationpageFA69456_DefaultProfile" time="16.888" errors="0" timestamp="2021-08-11T00:08:43 IST">
  <testcase classname="tests.VerifydynamicfooterpagenationonCompanyInformationpageFA69456_DefaultProfile" name="GoToUrlAssertUrlPositiveEnterUsernamePositiveEnterPasswordClickLoginButtonPositiveEnterAgentNa" time="14.622">
    <failure type="java.lang.AssertionError" message="Unable to locate object: By.xpath: //label[contains(.,&amp;apos;Name:&amp;apos;)]/../input">
      <![CDATA[java.lang.AssertionError: Unable to locate object: By.xpath: //label[contains(.,'Name:')]/../input
at pages.Verify_dynamic_footer_pagenation_on_Company_Information_pageFA69456.Enter_AgentName(Verify_dynamic_footer_pagenation_on_Company_Information_pageFA69456.java:176)
at tests.VerifydynamicfooterpagenationonCompanyInformationpageFA69456_DefaultProfile.GoToUrlAssertUrlPositiveEnterUsernamePositiveEnterPasswordClickLoginButtonPositiveEnterAgentNa(VerifydynamicfooterpagenationonCompanyInformationpageFA69456_DefaultProfile.java:58)
at java.base/java.util.ArrayList.forEach(ArrayList.java:1540)
... Removed 28 stack frames]]>
    </failure>
  </testcase> <!-- GoToUrlAssertUrlPositiveEnterUsernamePositiveEnterPasswordClickLoginButtonPositiveEnterAgentNa -->
</testsuite> <!-- VerifydynamicfooterpagenationonCompanyInformationpageFA69456_DefaultProfile -->
