<?xml version="1.0" encoding="UTF-8"?>
<!-- Generated by org.testng.reporters.JUnitXMLReporter -->
<testsuite ignored="0" hostname="DESKTOP-A2R1E8A" failures="0" tests="1" name="VerifydirectorsofthecompanyappearingondirectorsreportpageFA69628_DefaultProfile" time="202.094" errors="0" timestamp="2021-08-11T02:32:12 IST">
  <testcase classname="tests.VerifydirectorsofthecompanyappearingondirectorsreportpageFA69628_DefaultProfile" name="GoToUrlAssertUrlPositiveEnterUsernamePositiveEnterPasswordClickLoginButtonPositiveEnterAgentNa" time="196.911"/>
</testsuite> <!-- VerifydirectorsofthecompanyappearingondirectorsreportpageFA69628_DefaultProfile -->
