<?xml version="1.0" encoding="UTF-8"?>
<!-- Generated by org.testng.reporters.JUnitXMLReporter -->
<testsuite ignored="0" hostname="DESKTOP-A2R1E8A" failures="1" tests="1" name="VerifycountrynamechangeautoinregistrationnumberappearingoncoverpageFA69714_DefaultProfile" time="113.416" errors="0" timestamp="2021-08-11T12:28:54 IST">
  <testcase classname="tests.VerifycountrynamechangeautoinregistrationnumberappearingoncoverpageFA69714_DefaultProfile" name="GoToUrlAssertUrlPositiveEnterUsernamePositiveEnterPasswordClickLoginButtonPositiveEnterAgentNa" time="109.955">
    <failure type="java.lang.AssertionError" message="Unable to locate object: By.xpath: //*[@id=&amp;quot;ctl00_SideMenu1_liSettings&amp;quot;]/ul/li[4]/a">
      <![CDATA[java.lang.AssertionError: Unable to locate object: By.xpath: //*[@id="ctl00_SideMenu1_liSettings"]/ul/li[4]/a
at pages.Verify_country_name_change_auto_in_registration_number_appearing_on_cover_pageFA69714.Click_Accounts_Settings(Verify_country_name_change_auto_in_registration_number_appearing_on_cover_pageFA69714.java:823)
at tests.VerifycountrynamechangeautoinregistrationnumberappearingoncoverpageFA69714_DefaultProfile.GoToUrlAssertUrlPositiveEnterUsernamePositiveEnterPasswordClickLoginButtonPositiveEnterAgentNa(VerifycountrynamechangeautoinregistrationnumberappearingoncoverpageFA69714_DefaultProfile.java:133)
at java.base/java.util.ArrayList.forEach(ArrayList.java:1540)
... Removed 28 stack frames]]>
    </failure>
  </testcase> <!-- GoToUrlAssertUrlPositiveEnterUsernamePositiveEnterPasswordClickLoginButtonPositiveEnterAgentNa -->
</testsuite> <!-- VerifycountrynamechangeautoinregistrationnumberappearingoncoverpageFA69714_DefaultProfile -->
