<?xml version="1.0" encoding="UTF-8"?>
<!-- Generated by org.testng.reporters.JUnitXMLReporter -->
<testsuite ignored="0" hostname="DESKTOP-A2R1E8A" failures="0" tests="1" name="VerifydynamicfooterpagenationonstatementoffinancialpositionpageFA69662_DefaultProfile" time="121.242" errors="0" timestamp="2021-08-11T11:44:19 IST">
  <testcase classname="tests.VerifydynamicfooterpagenationonstatementoffinancialpositionpageFA69662_DefaultProfile" name="GoToUrlAssertUrlPositiveEnterUsernameEnterPaswordClickLoginButtonPositiveEnterAgentNameClickS" time="118.659"/>
</testsuite> <!-- VerifydynamicfooterpagenationonstatementoffinancialpositionpageFA69662_DefaultProfile -->
