<?xml version="1.0" encoding="UTF-8"?>
<!-- Generated by org.testng.reporters.JUnitXMLReporter -->
<testsuite ignored="0" hostname="DESKTOP-A2R1E8A" failures="0" tests="1" name="VerifyrenamehasbeendoneFA6979_DefaultProfile" time="88.627" errors="0" timestamp="2021-08-11T12:21:23 IST">
  <testcase classname="tests.VerifyrenamehasbeendoneFA6979_DefaultProfile" name="GoToUrlAssertUrlPositiveEnterUsernamePositiveEnterPasswordClickLoginButtonPositiveEnterAgentNa" time="79.379"/>
</testsuite> <!-- VerifyrenamehasbeendoneFA6979_DefaultProfile -->
