<?xml version="1.0" encoding="UTF-8"?>
<!-- Generated by org.testng.reporters.JUnitXMLReporter -->
<testsuite ignored="0" hostname="DESKTOP-A2R1E8A" failures="0" tests="1" name="VerifycountrynamechangeautoinregistrationnumberappearingoncoverpageFA6942_DefaultProfile" time="98.113" errors="0" timestamp="2021-08-11T11:03:07 IST">
  <testcase classname="tests.VerifycountrynamechangeautoinregistrationnumberappearingoncoverpageFA6942_DefaultProfile" name="GoToUrlAssertUrlPositiveEnterUsernamePositiveEnterPasswordClickLoginButtonPositiveEnterAgentNa" time="95.786"/>
</testsuite> <!-- VerifycountrynamechangeautoinregistrationnumberappearingoncoverpageFA6942_DefaultProfile -->
