<?xml version="1.0" encoding="UTF-8"?>
<!-- Generated by org.testng.reporters.JUnitXMLReporter -->
<testsuite ignored="0" hostname="DESKTOP-A2R1E8A" failures="1" tests="1" name="VerifyusercanremoveprincipalactivityaspertheirwishFA69431_DefaultProfile" time="33.067" errors="0" timestamp="2021-08-11T12:55:53 IST">
  <testcase classname="tests.VerifyusercanremoveprincipalactivityaspertheirwishFA69431_DefaultProfile" name="GoToUrlAssertUrlPositiveEnterUsernamePositiveEnterPasswordClickLoginButtonPositiveEnterAgentNa" time="30.84">
    <failure type="java.lang.AssertionError" message="Unable to locate object: By.xpath: //label[contains(.,&amp;apos;Name:&amp;apos;)]/../input">
      <![CDATA[java.lang.AssertionError: Unable to locate object: By.xpath: //label[contains(.,'Name:')]/../input
at pages.Verify_user_can_remove_principal_activity_as_per_their_wishFA69431.Enter_AgentName(Verify_user_can_remove_principal_activity_as_per_their_wishFA69431.java:196)
at tests.VerifyusercanremoveprincipalactivityaspertheirwishFA69431_DefaultProfile.GoToUrlAssertUrlPositiveEnterUsernamePositiveEnterPasswordClickLoginButtonPositiveEnterAgentNa(VerifyusercanremoveprincipalactivityaspertheirwishFA69431_DefaultProfile.java:57)
at java.base/java.util.ArrayList.forEach(ArrayList.java:1540)
... Removed 28 stack frames]]>
    </failure>
  </testcase> <!-- GoToUrlAssertUrlPositiveEnterUsernamePositiveEnterPasswordClickLoginButtonPositiveEnterAgentNa -->
</testsuite> <!-- VerifyusercanremoveprincipalactivityaspertheirwishFA69431_DefaultProfile -->
