<?xml version="1.0" encoding="UTF-8"?>
<!-- Generated by org.testng.reporters.JUnitXMLReporter -->
<testsuite ignored="0" hostname="DESKTOP-A2R1E8A" failures="0" tests="1" name="VerifyturnoverlineitemmustbeappearevenincaseofnovaluestoshowFA69668_DefaultProfile" time="120.061" errors="0" timestamp="2021-08-11T11:48:20 IST">
  <testcase classname="tests.VerifyturnoverlineitemmustbeappearevenincaseofnovaluestoshowFA69668_DefaultProfile" name="GoToUrlAssertUrlPositiveEnterUsernameEnterPaswordClickLoginButtonPositiveEnterAgentNameClickS" time="117.509"/>
</testsuite> <!-- VerifyturnoverlineitemmustbeappearevenincaseofnovaluestoshowFA69668_DefaultProfile -->
