<?xml version="1.0" encoding="UTF-8"?>
<!-- Generated by org.testng.reporters.JUnitXMLReporter -->
<testsuite ignored="0" hostname="DESKTOP-A2R1E8A" failures="0" tests="1" name="Verifydefaultstatusofaveragenumberofemployeeson34699_DefaultProfile" time="67.23" errors="0" timestamp="2021-08-11T16:53:34 IST">
  <testcase classname="tests.Verifydefaultstatusofaveragenumberofemployeeson34699_DefaultProfile" name="GoToUrlAssertUrlPositiveEnterUsernamePositiveEnterPasswordClickLoginButtonPositiveEnterctl00cP" time="64.963"/>
</testsuite> <!-- Verifydefaultstatusofaveragenumberofemployeeson34699_DefaultProfile -->
