<?xml version="1.0" encoding="UTF-8"?>
<!-- Generated by org.testng.reporters.JUnitXMLReporter -->
<testsuite ignored="0" hostname="DESKTOP-A2R1E8A" failures="0" tests="1" name="VerifypartnershipsecretaryappearingonPartnershipInformationpage17_DefaultProfile" time="60.313" errors="0" timestamp="2021-08-11T16:35:13 IST">
  <testcase classname="tests.VerifypartnershipsecretaryappearingonPartnershipInformationpage17_DefaultProfile" name="GoToUrlAssertUrlPositiveEnterUsernamePositiveEnterPasswordClickLoginButtonPositiveEnterctl00cP" time="58.058"/>
</testsuite> <!-- VerifypartnershipsecretaryappearingonPartnershipInformationpage17_DefaultProfile -->
