<?xml version="1.0" encoding="UTF-8"?>
<!-- Generated by org.testng.reporters.JUnitXMLReporter -->
<testsuite ignored="0" hostname="DESKTOP-A2R1E8A" failures="0" tests="1" name="VerifydynamicpagenumberingoncontentspageFA69710_DefaultProfile" time="77.503" errors="0" timestamp="2021-08-11T12:25:41 IST">
  <testcase classname="tests.VerifydynamicpagenumberingoncontentspageFA69710_DefaultProfile" name="GoToUrlAssertUrlPositiveEnterUsernamePositiveEnterPasswordClickLoginButtonPositiveEnterAgentNa" time="75.14"/>
</testsuite> <!-- VerifydynamicpagenumberingoncontentspageFA69710_DefaultProfile -->
