<?xml version="1.0" encoding="UTF-8"?>
<!-- Generated by org.testng.reporters.JUnitXMLReporter -->
<testsuite ignored="0" hostname="DESKTOP-A2R1E8A" failures="1" tests="1" name="VerifydirectorsofthecompanyappearingondirectorsreportpageFA69636_DefaultProfile" time="5.419" errors="0" timestamp="2021-08-11T02:54:34 IST">
  <testcase classname="tests.VerifydirectorsofthecompanyappearingondirectorsreportpageFA69636_DefaultProfile" name="GoToUrlAssertUrlPositiveEnterUsernamePositiveEnterPasswordClickLoginButtonPositiveEnterAgentNa" time="3.198">
    <failure type="java.lang.AssertionError" message="Expecting URL - http://sandbox4.nomismasolution.co.uk/ssoui/Signin.aspx?token=f5b917d4-181c-41a1-8ab7-ae93557a5a58 Found http://sandbox4.nomismasolution.co.uk/ssoui/Signin.aspx?token=f5b917d4-181c-41a1-8ab7-ae93557a5a58">
      <![CDATA[java.lang.AssertionError: Expecting URL - http://sandbox4.nomismasolution.co.uk/ssoui/Signin.aspx?token=f5b917d4-181c-41a1-8ab7-ae93557a5a58 Found http://sandbox4.nomismasolution.co.uk/ssoui/Signin.aspx?token=f5b917d4-181c-41a1-8ab7-ae93557a5a58
at pages.Verify_directors_of_the_company_appearing_on_directors_report_pageFA69636.AssertUrl(Verify_directors_of_the_company_appearing_on_directors_report_pageFA69636.java:127)
at tests.VerifydirectorsofthecompanyappearingondirectorsreportpageFA69636_DefaultProfile.GoToUrlAssertUrlPositiveEnterUsernamePositiveEnterPasswordClickLoginButtonPositiveEnterAgentNa(VerifydirectorsofthecompanyappearingondirectorsreportpageFA69636_DefaultProfile.java:41)
at java.base/java.util.ArrayList.forEach(ArrayList.java:1540)
... Removed 28 stack frames]]>
    </failure>
  </testcase> <!-- GoToUrlAssertUrlPositiveEnterUsernamePositiveEnterPasswordClickLoginButtonPositiveEnterAgentNa -->
</testsuite> <!-- VerifydirectorsofthecompanyappearingondirectorsreportpageFA69636_DefaultProfile -->
