<?xml version="1.0" encoding="UTF-8"?>
<!-- Generated by org.testng.reporters.JUnitXMLReporter -->
<testsuite ignored="0" hostname="DESKTOP-A2R1E8A" failures="0" tests="1" name="VerifydirectorsofthecompanyappearingondirectorsreportpageFA69629_DefaultProfile" time="206.678" errors="0" timestamp="2021-08-11T02:35:38 IST">
  <testcase classname="tests.VerifydirectorsofthecompanyappearingondirectorsreportpageFA69629_DefaultProfile" name="GoToUrlAssertUrlPositiveEnterUsernamePositiveEnterPasswordClickLoginButtonPositiveEnterAgentNa" time="201.461"/>
</testsuite> <!-- VerifydirectorsofthecompanyappearingondirectorsreportpageFA69629_DefaultProfile -->
