<?xml version="1.0" encoding="UTF-8"?>
<!-- Generated by org.testng.reporters.JUnitXMLReporter -->
<testsuite ignored="0" hostname="DESKTOP-A2R1E8A" failures="1" tests="1" name="VerifytradingofficeaddressappearingonpartnershipInformationpage19_DefaultProfile" time="75.373" errors="0" timestamp="2021-08-11T16:37:06 IST">
  <testcase classname="tests.VerifytradingofficeaddressappearingonpartnershipInformationpage19_DefaultProfile" name="GoToUrlAssertUrlPositiveEnterUsernamePositiveEnterPasswordClickLoginButtonPositiveEnterctl00cP" time="71.521">
    <failure type="java.lang.AssertionError" message="expected [Trading office address Address1] but found [123 !@#]">
      <![CDATA[java.lang.AssertionError: expected [Trading office address Address1] but found [123 !@#]
at pages.Verify_trading_office_address_appearing_on_partnership_Information_page19.Click_Partnership_Information(Verify_trading_office_address_appearing_on_partnership_Information_page19.java:1088)
at tests.VerifytradingofficeaddressappearingonpartnershipInformationpage19_DefaultProfile.GoToUrlAssertUrlPositiveEnterUsernamePositiveEnterPasswordClickLoginButtonPositiveEnterctl00cP(VerifytradingofficeaddressappearingonpartnershipInformationpage19_DefaultProfile.java:173)
at java.base/java.util.ArrayList.forEach(ArrayList.java:1540)
... Removed 32 stack frames]]>
    </failure>
  </testcase> <!-- GoToUrlAssertUrlPositiveEnterUsernamePositiveEnterPasswordClickLoginButtonPositiveEnterctl00cP -->
</testsuite> <!-- VerifytradingofficeaddressappearingonpartnershipInformationpage19_DefaultProfile -->
