<?xml version="1.0" encoding="UTF-8"?>
<!-- Generated by org.testng.reporters.JUnitXMLReporter -->
<testsuite ignored="0" hostname="DESKTOP-A2R1E8A" failures="0" tests="1" name="VerifydynamicfooterpagenationoncontentspageFA69711_DefaultProfile" time="89.348" errors="0" timestamp="2021-08-11T12:22:52 IST">
  <testcase classname="tests.VerifydynamicfooterpagenationoncontentspageFA69711_DefaultProfile" name="GoToUrlAssertUrlPositiveEnterUsernamePositiveEnterPasswordClickLoginButtonPositiveEnterAgentNa" time="82.556"/>
</testsuite> <!-- VerifydynamicfooterpagenationoncontentspageFA69711_DefaultProfile -->
