<?xml version="1.0" encoding="UTF-8"?>
<!-- Generated by org.testng.reporters.JUnitXMLReporter -->
<testsuite ignored="0" hostname="DESKTOP-A2R1E8A" failures="0" tests="1" name="VerifythissectiondoesnotformpartofcompanystatutoryfinancialstatementsFA69672_DefaultProfile" time="121.451" errors="0" timestamp="2021-08-11T11:52:37 IST">
  <testcase classname="tests.VerifythissectiondoesnotformpartofcompanystatutoryfinancialstatementsFA69672_DefaultProfile" name="GoToUrlAssertUrlPositiveEnterUsernameEnterPaswordPositiveEnterAgentNameClickSearchbutton1Clic" time="118.252"/>
</testsuite> <!-- VerifythissectiondoesnotformpartofcompanystatutoryfinancialstatementsFA69672_DefaultProfile -->
