<?xml version="1.0" encoding="UTF-8"?>
<!-- Generated by org.testng.reporters.JUnitXMLReporter -->
<testsuite ignored="0" hostname="DESKTOP-A2R1E8A" failures="0" tests="1" name="Verifydynamicfooterpagenationonstatementoffinancialpositionpage26_DefaultProfile" time="83.696" errors="0" timestamp="2021-08-11T16:43:22 IST">
  <testcase classname="tests.Verifydynamicfooterpagenationonstatementoffinancialpositionpage26_DefaultProfile" name="GoToUrlAssertUrlPositiveEnterUsernamePositiveEnterPasswordClickLoginButtonPositiveEnterctl00cP" time="81.384"/>
</testsuite> <!-- Verifydynamicfooterpagenationonstatementoffinancialpositionpage26_DefaultProfile -->
