<?xml version="1.0" encoding="UTF-8"?>
<!-- Generated by org.testng.reporters.JUnitXMLReporter -->
<testsuite ignored="0" hostname="DESKTOP-A2R1E8A" failures="0" tests="1" name="VerifyregistrationnumberapearingonPartnershipInformationpage13_DefaultProfile" time="100.592" errors="0" timestamp="2021-08-11T16:24:47 IST">
  <testcase classname="tests.VerifyregistrationnumberapearingonPartnershipInformationpage13_DefaultProfile" name="GoToUrlAssertUrlPositiveEnterUsernamePositiveEnterPasswordClickLoginButtonPositiveEnterctl00cP" time="93.4"/>
</testsuite> <!-- VerifyregistrationnumberapearingonPartnershipInformationpage13_DefaultProfile -->
