<?xml version="1.0" encoding="UTF-8"?>
<!-- Generated by org.testng.reporters.JUnitXMLReporter -->
<testsuite ignored="0" hostname="DESKTOP-A2R1E8A" failures="0" tests="1" name="VerifyEditbuttonmustnotbeworkinginCTOtherAdjustmentsifperiodislockedFA71519_DefaultProfile" time="73.656" errors="0" timestamp="2021-05-20T19:03:57 IST">
  <testcase classname="tests.VerifyEditbuttonmustnotbeworkinginCTOtherAdjustmentsifperiodislockedFA71519_DefaultProfile" name="GoToUrlAssertUrlPositiveEnterUsernamePositiveEnterPasswordClickLoginButtonPositiveEnterAgentNa" time="67.924"/>
</testsuite> <!-- VerifyEditbuttonmustnotbeworkinginCTOtherAdjustmentsifperiodislockedFA71519_DefaultProfile -->
