<?xml version="1.0" encoding="UTF-8"?>
<!-- Generated by org.testng.reporters.JUnitXMLReporter -->
<testsuite ignored="0" hostname="DESKTOP-A2R1E8A" failures="1" tests="1" name="Verifyregisteredofficeaddressappearingonpartnershipinformationpage18_DefaultProfile" time="37.419" errors="0" timestamp="2021-08-11T16:35:51 IST">
  <testcase classname="tests.Verifyregisteredofficeaddressappearingonpartnershipinformationpage18_DefaultProfile" name="GoToUrlAssertUrlPositiveEnterUsernamePositiveEnterPasswordClickLoginButtonPositiveEnterctl00cP" time="33.828">
    <failure type="java.lang.AssertionError" message="expected [Registered office address Address1] but found [123 !@#]">
      <![CDATA[java.lang.AssertionError: expected [Registered office address Address1] but found [123 !@#]
at pages.Verify_registered_office_address_appearing_on_partnership_information_page18.Click_Partnership_Information(Verify_registered_office_address_appearing_on_partnership_information_page18.java:1062)
at tests.Verifyregisteredofficeaddressappearingonpartnershipinformationpage18_DefaultProfile.GoToUrlAssertUrlPositiveEnterUsernamePositiveEnterPasswordClickLoginButtonPositiveEnterctl00cP(Verifyregisteredofficeaddressappearingonpartnershipinformationpage18_DefaultProfile.java:169)
at java.base/java.util.ArrayList.forEach(ArrayList.java:1540)
... Removed 32 stack frames]]>
    </failure>
  </testcase> <!-- GoToUrlAssertUrlPositiveEnterUsernamePositiveEnterPasswordClickLoginButtonPositiveEnterctl00cP -->
</testsuite> <!-- Verifyregisteredofficeaddressappearingonpartnershipinformationpage18_DefaultProfile -->
