<?xml version="1.0" encoding="UTF-8"?>
<!-- Generated by org.testng.reporters.JUnitXMLReporter -->
<testsuite ignored="0" hostname="DESKTOP-A2R1E8A" failures="1" tests="1" name="VerifyreporttitlenameoncoverpageFA6943_DefaultProfile" time="105.412" errors="0" timestamp="2021-08-11T11:04:53 IST">
  <testcase classname="tests.VerifyreporttitlenameoncoverpageFA6943_DefaultProfile" name="GoToUrlAssertUrlPositiveEnterAgentNameClickSearchbutton1ClickNakulClickClientsPositiveEnterSe" time="99.012">
    <failure type="java.lang.AssertionError" message="expected [Unaudited Financial Statements] but found [Unaudited financial statements and annual report]">
      <![CDATA[java.lang.AssertionError: expected [Unaudited Financial Statements] but found [Unaudited financial statements and annual report]
at pages.Verify_report_title_name_on_cover_pageFA6943.Click_Full_Accounts(Verify_report_title_name_on_cover_pageFA6943.java:574)
at tests.VerifyreporttitlenameoncoverpageFA6943_DefaultProfile.GoToUrlAssertUrlPositiveEnterAgentNameClickSearchbutton1ClickNakulClickClientsPositiveEnterSe(VerifyreporttitlenameoncoverpageFA6943_DefaultProfile.java:97)
at java.base/java.util.ArrayList.forEach(ArrayList.java:1540)
... Removed 32 stack frames]]>
    </failure>
  </testcase> <!-- GoToUrlAssertUrlPositiveEnterAgentNameClickSearchbutton1ClickNakulClickClientsPositiveEnterSe -->
</testsuite> <!-- VerifyreporttitlenameoncoverpageFA6943_DefaultProfile -->
