<?xml version="1.0" encoding="UTF-8"?>
<!-- Generated by org.testng.reporters.JUnitXMLReporter -->
<testsuite ignored="0" hostname="DESKTOP-A2R1E8A" failures="0" tests="1" name="Verifydefaultstatusofmembersintereston36699_DefaultProfile" time="85.324" errors="0" timestamp="2021-08-11T16:56:12 IST">
  <testcase classname="tests.Verifydefaultstatusofmembersintereston36699_DefaultProfile" name="GoToUrlAssertUrlPositiveEnterUsernamePositiveEnterPasswordClickLoginButtonPositiveEnterctl00cP" time="78.893"/>
</testsuite> <!-- Verifydefaultstatusofmembersintereston36699_DefaultProfile -->
