<?xml version="1.0" encoding="UTF-8"?>
<!-- Generated by org.testng.reporters.JUnitXMLReporter -->
<testsuite ignored="0" hostname="DESKTOP-A2R1E8A" failures="0" tests="1" name="VerifyuseronseparatepageofdirectorresponsibilitiesappearingonreportFA69641_DefaultProfile" time="119.254" errors="0" timestamp="2021-08-11T11:23:15 IST">
  <testcase classname="tests.VerifyuseronseparatepageofdirectorresponsibilitiesappearingonreportFA69641_DefaultProfile" name="GoToUrlAssertUrlPositiveEnterUsernamePositiveEnterPasswordClickLoginButtonPositiveEnterAgentNa" time="113.067"/>
</testsuite> <!-- VerifyuseronseparatepageofdirectorresponsibilitiesappearingonreportFA69641_DefaultProfile -->
