<?xml version="1.0" encoding="UTF-8"?>
<!-- Generated by org.testng.reporters.JUnitXMLReporter -->
<testsuite ignored="0" hostname="DESKTOP-A2R1E8A" failures="0" tests="1" name="Verifycountrynamechangeautoinregistrationnumberappearingoncoverpg2_DefaultProfile" time="92.553" errors="0" timestamp="2021-08-11T16:18:04 IST">
  <testcase classname="tests.Verifycountrynamechangeautoinregistrationnumberappearingoncoverpg2_DefaultProfile" name="GoToUrlAssertUrlPositiveEnterUsernamePositiveEnterPasswordClickLoginButtonPositiveEnterctl00cP" time="90.228"/>
</testsuite> <!-- Verifycountrynamechangeautoinregistrationnumberappearingoncoverpg2_DefaultProfile -->
