<?xml version="1.0" encoding="UTF-8"?>
<!-- Generated by org.testng.reporters.JUnitXMLReporter -->
<testsuite ignored="0" hostname="DESKTOP-A2R1E8A" failures="0" tests="1" name="VerifybalancesheetfootnoteappearanceonstatementoffinancialpositionpageFA69661_DefaultProfile" time="137.159" errors="0" timestamp="2021-08-11T11:42:17 IST">
  <testcase classname="tests.VerifybalancesheetfootnoteappearanceonstatementoffinancialpositionpageFA69661_DefaultProfile" name="GoToUrlAssertUrlPositiveEnterUsernameEnterPaswordClickLoginButtonPositiveEnterAgentNameClickS" time="130.521"/>
</testsuite> <!-- VerifybalancesheetfootnoteappearanceonstatementoffinancialpositionpageFA69661_DefaultProfile -->
