<?xml version="1.0" encoding="UTF-8"?>
<!-- Generated by org.testng.reporters.JUnitXMLReporter -->
<testsuite ignored="0" hostname="DESKTOP-A2R1E8A" failures="0" tests="1" name="Verifycountrynamechangeautoinregistrationnumberapearingoncoverpage14_DefaultProfile" time="87.796" errors="0" timestamp="2021-08-11T16:26:15 IST">
  <testcase classname="tests.Verifycountrynamechangeautoinregistrationnumberapearingoncoverpage14_DefaultProfile" name="GoToUrlAssertUrlPositiveEnterUsernamePositiveEnterPasswordClickLoginButtonPositiveEnterctl00cP" time="85.66"/>
</testsuite> <!-- Verifycountrynamechangeautoinregistrationnumberapearingoncoverpage14_DefaultProfile -->
