<?xml version="1.0" encoding="UTF-8"?>
<!-- Generated by org.testng.reporters.JUnitXMLReporter -->
<testsuite ignored="0" hostname="DESKTOP-A2R1E8A" failures="1" tests="1" name="VerifycountrynamechangeautoinregistrationnumberappearingoncoverpageFA6972_DefaultProfile" time="93.019" errors="0" timestamp="2021-08-11T12:16:23 IST">
  <testcase classname="tests.VerifycountrynamechangeautoinregistrationnumberappearingoncoverpageFA6972_DefaultProfile" name="GoToUrlAssertUrlPositiveEnterUsernamePositiveEnterPasswordClickLoginButtonPositiveEnterAgentNa" time="89.709">
    <failure type="java.lang.AssertionError" message="expected [Registered No. NI121212 (Northern Ireland)] but found [Company Registration Number : NI121212 (Northern Ireland)]">
      <![CDATA[java.lang.AssertionError: expected [Registered No. NI121212 (Northern Ireland)] but found [Company Registration Number : NI121212 (Northern Ireland)]
at pages.Verify_country_name_change_auto_in_registration_number_appearing_on_cover_pageFA6972.Click_Filleted_Accounts(Verify_country_name_change_auto_in_registration_number_appearing_on_cover_pageFA6972.java:979)
at tests.VerifycountrynamechangeautoinregistrationnumberappearingoncoverpageFA6972_DefaultProfile.GoToUrlAssertUrlPositiveEnterUsernamePositiveEnterPasswordClickLoginButtonPositiveEnterAgentNa(VerifycountrynamechangeautoinregistrationnumberappearingoncoverpageFA6972_DefaultProfile.java:161)
at java.base/java.util.ArrayList.forEach(ArrayList.java:1540)
... Removed 32 stack frames]]>
    </failure>
  </testcase> <!-- GoToUrlAssertUrlPositiveEnterUsernamePositiveEnterPasswordClickLoginButtonPositiveEnterAgentNa -->
</testsuite> <!-- VerifycountrynamechangeautoinregistrationnumberappearingoncoverpageFA6972_DefaultProfile -->
