<?xml version="1.0" encoding="UTF-8"?>
<!-- Generated by org.testng.reporters.JUnitXMLReporter -->
<testsuite ignored="0" hostname="DESKTOP-A2R1E8A" failures="1" tests="1" name="VerifytradingofficeaddressappearingoncompanyinformationpageFA69619_DefaultProfile" time="156.886" errors="0" timestamp="2021-08-11T11:14:10 IST">
  <testcase classname="tests.VerifytradingofficeaddressappearingoncompanyinformationpageFA69619_DefaultProfile" name="GoToUrlAssertUrlPositiveEnterUsernamePositiveEnterPasswordClickLoginButtonPositiveEnterAgentNa" time="154.501">
    <failure type="java.lang.AssertionError" message="expected [Trading office address Address1] but found [Abc1 Xyz1]">
      <![CDATA[java.lang.AssertionError: expected [Trading office address Address1] but found [Abc1 Xyz1]
at pages.Verify_trading_office_address_appearing_on_company_information_pageFA69619.Click_Full_Accounts(Verify_trading_office_address_appearing_on_company_information_pageFA69619.java:1133)
at tests.VerifytradingofficeaddressappearingoncompanyinformationpageFA69619_DefaultProfile.GoToUrlAssertUrlPositiveEnterUsernamePositiveEnterPasswordClickLoginButtonPositiveEnterAgentNa(VerifytradingofficeaddressappearingoncompanyinformationpageFA69619_DefaultProfile.java:174)
at java.base/java.util.ArrayList.forEach(ArrayList.java:1540)
... Removed 32 stack frames]]>
    </failure>
  </testcase> <!-- GoToUrlAssertUrlPositiveEnterUsernamePositiveEnterPasswordClickLoginButtonPositiveEnterAgentNa -->
</testsuite> <!-- VerifytradingofficeaddressappearingoncompanyinformationpageFA69619_DefaultProfile -->
